Determining if files pthread.h exist failed with the following output:
Change Dir: C:/Users/kshoop/Desktop/source/rxcpp/Rx/v2/examples/awaitable/vs/CMakeFiles/CMakeTmp

Run Build Command:"C:/Program Files (x86)/MSBuild/14.0/bin/MSBuild.exe" "cmTryCompileExec2645818078.vcxproj" "/p:Configuration=Debug" "/p:VisualStudioVersion=14.0"
Microsoft (R) Build Engine version 14.0.25420.1
Copyright (C) Microsoft Corporation. All rights reserved.

Build started 12/8/2016 4:32:54 PM.
Project "C:\Users\kshoop\Desktop\source\rxcpp\Rx\v2\examples\awaitable\vs\CMakeFiles\CMakeTmp\cmTryCompileExec2645818078.vcxproj" on node 1 (default targets).
PrepareForBuild:
  Creating directory "cmTryCompileExec2645818078.dir\Debug\".
  Creating directory "C:\Users\kshoop\Desktop\source\rxcpp\Rx\v2\examples\awaitable\vs\CMakeFiles\CMakeTmp\Debug\".
  Creating directory "cmTryCompileExec2645818078.dir\Debug\cmTryCom.86A2724D.tlog\".
InitializeBuildStatus:
  Creating "cmTryCompileExec2645818078.dir\Debug\cmTryCom.86A2724D.tlog\unsuccessfulbuild" because "AlwaysCreate" was specified.
ClCompile:
  C:\Program Files (x86)\Microsoft Visual Studio 14.0\VC\bin\CL.exe /c /Zi /W3 /WX- /Od /Ob0 /Oy- /D WIN32 /D _WINDOWS /D _DEBUG /D "CMAKE_INTDIR=\"Debug\"" /D _MBCS /Gm- /RTC1 /MDd /GS /fp:precise /Zc:wchar_t /Zc:forScope /Zc:inline /Fo"cmTryCompileExec2645818078.dir\Debug\\" /Fd"cmTryCompileExec2645818078.dir\Debug\vc140.pdb" /Gd /TC /analyze- /errorReport:queue C:\Users\kshoop\Desktop\source\rxcpp\Rx\v2\examples\awaitable\vs\CMakeFiles\CMakeTmp\CheckIncludeFiles.c
  Microsoft (R) C/C++ Optimizing Compiler Version 19.00.24213.1 for x86
  Copyright (C) Microsoft Corporation.  All rights reserved.
  
  cl /c /Zi /W3 /WX- /Od /Ob0 /Oy- /D WIN32 /D _WINDOWS /D _DEBUG /D "CMAKE_INTDIR=\"Debug\"" /D _MBCS /Gm- /RTC1 /MDd /GS /fp:precise /Zc:wchar_t /Zc:forScope /Zc:inline /Fo"cmTryCompileExec2645818078.dir\Debug\\" /Fd"cmTryCompileExec2645818078.dir\Debug\vc140.pdb" /Gd /TC /analyze- /errorReport:queue C:\Users\kshoop\Desktop\source\rxcpp\Rx\v2\examples\awaitable\vs\CMakeFiles\CMakeTmp\CheckIncludeFiles.c
  
  CheckIncludeFiles.c
C:\Users\kshoop\Desktop\source\rxcpp\Rx\v2\examples\awaitable\vs\CMakeFiles\CMakeTmp\CheckIncludeFiles.c(2): fatal error C1083: Cannot open include file: 'pthread.h': No such file or directory [C:\Users\kshoop\Desktop\source\rxcpp\Rx\v2\examples\awaitable\vs\CMakeFiles\CMakeTmp\cmTryCompileExec2645818078.vcxproj]
Done Building Project "C:\Users\kshoop\Desktop\source\rxcpp\Rx\v2\examples\awaitable\vs\CMakeFiles\CMakeTmp\cmTryCompileExec2645818078.vcxproj" (default targets) -- FAILED.

Build FAILED.

"C:\Users\kshoop\Desktop\source\rxcpp\Rx\v2\examples\awaitable\vs\CMakeFiles\CMakeTmp\cmTryCompileExec2645818078.vcxproj" (default target) (1) ->
(ClCompile target) -> 
  C:\Users\kshoop\Desktop\source\rxcpp\Rx\v2\examples\awaitable\vs\CMakeFiles\CMakeTmp\CheckIncludeFiles.c(2): fatal error C1083: Cannot open include file: 'pthread.h': No such file or directory [C:\Users\kshoop\Desktop\source\rxcpp\Rx\v2\examples\awaitable\vs\CMakeFiles\CMakeTmp\cmTryCompileExec2645818078.vcxproj]

    0 Warning(s)
    1 Error(s)

Time Elapsed 00:00:00.45

Source:
/* */
#include <pthread.h>


int main(void){return 0;}

